# Preference setting overrides
gui_create_pref_key -category {Globals} -key {load_detail_for_funcov} -value_type {bool} -value {false}
gui_create_pref_category -category {schem_obj_name}
gui_create_pref_key -category {schem_obj_name} -key {show_cell_and_pin_with_symbol_name} -value_type {bool} -value {false}
gui_create_pref_key -category {schem_pin_hc} -key {textExtFont} -value_type {string} -value {Helvetica,10,-1,5,50,0,0,0,0,0}

# State setting overrides
gui_state_default_create -off -ini
gui_set_state_value -category Globals -key recent_databases -value {{gui_open_db -file TOP.dump.vpd -design V1} {gui_open_db -file /home/ecelrc/students/aak3265/Spring2026/pset1b/TOP.dump.vpd -design V1} {gui_open_db -file /home/ecelrc/students/aak3265/Spring2026/pset1b/tb2_ALU.dump.vpd -design V1} {gui_open_db -file /home/ecelrc/students/aak3265/Spring2026/pset1b/xor2.dump.vpd -design V1} {gui_open_db -file /home/ecelrc/students/aak3265/Spring2026/pset1b/and2.dump.vpd -design V1}}
gui_set_state_value -category Globals -key recent_sessions -value {{gui_load_session -ignore_errors -file /home/ecelrc/students/aak3265/Spring2026/pset1b/session.TOP.dump.vpd.tcl -ignore_errors} {gui_load_session -ignore_errors -file /home/ecelrc/students/aak3265/Spring2026/pset1b/session.TOP.dump.vpd.tcl} {gui_load_session -ignore_errors -file /home/ecelrc/students/aak3265/vlsi1/lab3_temp/rtl/session.inter.vpd.tcl -ignore_errors} {gui_load_session -ignore_errors -file /home/ecelrc/students/aak3265/vlsi1/lab3_temp/rtl/session.inter.vpd.tcl}}
gui_set_state_value -category Layout -key child_console_size_x -value 1438
gui_set_state_value -category Layout -key child_console_size_y -value 154
gui_set_state_value -category Layout -key child_data_coltype -value 111
gui_set_state_value -category Layout -key child_data_colvalue -value 135
gui_set_state_value -category Layout -key child_data_colvariable -value 180
gui_set_state_value -category Layout -key child_data_size_x -value 395
gui_set_state_value -category Layout -key child_data_size_y -value 589
gui_set_state_value -category Layout -key child_driver_size_x -value 1185
gui_set_state_value -category Layout -key child_driver_size_y -value 174
gui_set_state_value -category Layout -key child_hier_col3 -value {-1}
gui_set_state_value -category Layout -key child_hier_colhier -value 298
gui_set_state_value -category Layout -key child_hier_colpd -value 0
gui_set_state_value -category Layout -key child_hier_coltype -value 133
gui_set_state_value -category Layout -key child_hier_size_x -value 435
gui_set_state_value -category Layout -key child_hier_size_y -value 589
gui_set_state_value -category Layout -key child_hier_sort_column -value 1
gui_set_state_value -category Layout -key child_schematic_docknewline -value false
gui_set_state_value -category Layout -key child_schematic_pos_x -value {-2}
gui_set_state_value -category Layout -key child_schematic_pos_y -value {-15}
gui_set_state_value -category Layout -key child_schematic_size_x -value 1028
gui_set_state_value -category Layout -key child_schematic_size_y -value 312
gui_set_state_value -category Layout -key child_source_docknewline -value false
gui_set_state_value -category Layout -key child_source_pos_x -value {-2}
gui_set_state_value -category Layout -key child_source_pos_y -value {-15}
gui_set_state_value -category Layout -key child_source_size_x -value 611
gui_set_state_value -category Layout -key child_source_size_y -value 584
gui_set_state_value -category Layout -key child_wave_colname -value 210
gui_set_state_value -category Layout -key child_wave_colvalue -value 211
gui_set_state_value -category Layout -key child_wave_left -value 425
gui_set_state_value -category Layout -key child_wave_right -value 1035
gui_set_state_value -category Layout -key main_pos_x -value 8
gui_set_state_value -category Layout -key main_pos_y -value 31
gui_set_state_value -category Layout -key main_size_x -value 1446
gui_set_state_value -category Layout -key main_size_y -value 873
gui_set_state_value -category Layout -key stand_wave_child_docknewline -value false
gui_set_state_value -category Layout -key stand_wave_child_pos_x -value {-2}
gui_set_state_value -category Layout -key stand_wave_child_pos_y -value {-15}
gui_set_state_value -category Layout -key stand_wave_child_size_x -value 1470
gui_set_state_value -category Layout -key stand_wave_child_size_y -value 765
gui_set_state_value -category Layout -key stand_wave_top_pos_x -value 8
gui_set_state_value -category Layout -key stand_wave_top_pos_y -value 31
gui_set_state_value -category Layout -key stand_wave_top_size_x -value 1473
gui_set_state_value -category Layout -key stand_wave_top_size_y -value 900
gui_set_state_value -category SaveSession -key single_view_name -value Wave.1
gui_set_state_value -category SaveSession -key toplevel_window_name -value TopLevel.2
gui_create_state_key -category FindDialog -key m_pMatchCase -value_type bool -value false
gui_create_state_key -category FindDialog -key m_pMatchWord -value_type bool -value false
gui_create_state_key -category FindDialog -key m_pUseCombo -value_type string -value {}
gui_create_state_key -category FindDialog -key m_pWrapAround -value_type bool -value true
gui_create_state_key -category Widget_History -key {dlgSimSetup|m_setupTab|tab pages|BuildTab|m_rebuildBtnGroup|m_customCmdCombo} -value_type string -value {{vcs -debug_all -f master}}
gui_create_state_key -category Widget_History -key {dlgSimSetup|m_setupTab|tab pages|BuildTab|m_rebuildBtnGroup|m_customDirCombo} -value_type string -value /home/ecelrc/students/aak3265/Spring2026/pset1b/
gui_create_state_key -category Widget_History -key {dlgSimSetup|m_setupTab|tab pages|SimTab|m_VPDCombo} -value_type string -value {TOP.dump.vpd inter.vpd}
gui_create_state_key -category Widget_History -key {dlgSimSetup|m_setupTab|tab pages|SimTab|m_argsCombo} -value_type string -value {{-ucligui  } {-ucligui }}
gui_create_state_key -category Widget_History -key {dlgSimSetup|m_setupTab|tab pages|SimTab|m_curDirCombo} -value_type string -value {/home/ecelrc/students/aak3265/Spring2026/pset1b /home/ecelrc/students/aak3265/vlsi1/lab3_temp/rtl /home/ecelrc/students/aak3265/vlsi1/lab3}
gui_create_state_key -category Widget_History -key {dlgSimSetup|m_setupTab|tab pages|SimTab|m_exeCombo} -value_type string -value {/home/ecelrc/students/aak3265/Spring2026/pset1b/simv simv /home/ecelrc/students/aak3265/vlsi1/lab3_temp/rtl/simv ./simv}
gui_state_default_create -off

# Begin command logging
